{"level":"info","message":"Example app listening on port 3000","timestamp":"2025-06-27T06:24:39.912Z"}
{"level":"info","message":"User created with ID: 1","timestamp":"2025-06-27T06:24:55.003Z"}
{"level":"info","message":"User brett@email.com logged in successfully","timestamp":"2025-06-27T06:24:59.827Z"}
{"level":"info","message":"Token verified for user ID: 1","timestamp":"2025-06-27T06:25:01.226Z"}
{"level":"info","message":"User data accessed for user ID: 1","timestamp":"2025-06-27T06:25:01.227Z"}
{"level":"info","message":"User logged out, cookie cleared","timestamp":"2025-06-27T06:25:03.105Z"}
{"level":"error","message":"Error inserting user:","timestamp":"2025-06-27T06:25:07.447Z"}
{"level":"info","message":"User created with ID: 2","timestamp":"2025-06-27T06:25:16.145Z"}
{"level":"info","message":"User sam@email.com logged in successfully","timestamp":"2025-06-27T06:25:24.926Z"}
{"level":"info","message":"Token verified for user ID: 2","timestamp":"2025-06-27T06:25:27.273Z"}
{"level":"info","message":"User data accessed for user ID: 2","timestamp":"2025-06-27T06:25:27.275Z"}
{"level":"info","message":"User logged out, cookie cleared","timestamp":"2025-06-27T06:25:29.322Z"}
{"level":"info","message":"User sam@email.com logged in successfully","timestamp":"2025-06-27T06:25:33.402Z"}
{"level":"info","message":"Token verified for user ID: 2","timestamp":"2025-06-27T06:25:34.978Z"}
{"level":"info","message":"User data accessed for user ID: 2","timestamp":"2025-06-27T06:25:34.978Z"}
{"level":"info","message":"User brett@email.com logged in successfully","timestamp":"2025-06-27T06:25:41.384Z"}
{"level":"info","message":"Token verified for user ID: 1","timestamp":"2025-06-27T06:25:42.902Z"}
{"level":"info","message":"User data accessed for user ID: 1","timestamp":"2025-06-27T06:25:42.903Z"}
{"level":"info","message":"Token verified for user ID: 1","timestamp":"2025-06-27T06:25:43.858Z"}
{"level":"info","message":"User data accessed for user ID: 1","timestamp":"2025-06-27T06:25:43.860Z"}
{"level":"info","message":"User logged out, cookie cleared","timestamp":"2025-06-27T06:25:45.185Z"}
{"level":"info","message":"Example app listening on port 3000","timestamp":"2025-06-27T19:09:12.865Z"}
{"level":"error","message":"Email or password validation error for create user","timestamp":"2025-06-27T19:09:26.869Z"}
{"level":"error","message":"[POST] /users/create → next is not defined","timestamp":"2025-06-27T19:09:26.871Z"}
{"level":"info","message":"Example app listening on port 3000","timestamp":"2025-06-27T19:10:17.136Z"}
{"level":"error","message":"Email or password validation error for create user","timestamp":"2025-06-27T19:10:23.898Z"}
{"level":"error","message":"[POST] /users/create → Invalid email or password","timestamp":"2025-06-27T19:10:23.898Z"}
{"level":"error","message":"Email or password validation error for log in","timestamp":"2025-06-27T19:10:31.740Z"}
{"level":"info","message":"Example app listening on port 3000","timestamp":"2025-06-27T19:13:56.034Z"}
{"errors":[{"location":"body","msg":"Invalid email format","path":"email","type":"field","value":"not an emaiuk"},{"location":"body","msg":"Password must be at least 6 characters long","path":"password","type":"field","value":""}],"level":"error","message":"Validation failed on user create","timestamp":"2025-06-27T19:14:05.662Z"}
{"level":"error","message":"[POST] /users/create → Invalid email or password","timestamp":"2025-06-27T19:14:05.663Z"}
{"errors":[{"location":"body","msg":"Invalid email format","path":"email","type":"field","value":"not an emaiuk"},{"location":"body","msg":"Password must be at least 6 characters long","path":"password","type":"field","value":"gh"}],"level":"error","message":"Validation failed on user create","timestamp":"2025-06-27T19:14:08.670Z"}
{"level":"error","message":"[POST] /users/create → Invalid email or password","timestamp":"2025-06-27T19:14:08.670Z"}
{"errors":[{"location":"body","msg":"Invalid email format","path":"email","type":"field","value":""},{"location":"body","msg":"Password must be at least 6 characters long","path":"password","type":"field","value":""}],"level":"error","message":"Validation failed on login","timestamp":"2025-06-27T19:14:09.635Z"}
{"level":"error","message":"[POST] /login → Invalid email or password","timestamp":"2025-06-27T19:14:09.636Z"}
{"email":"brett@email.com","level":"info","message":"User logged in","timestamp":"2025-06-27T19:14:21.612Z","userId":1}
{"level":"info","message":"Token verified for user ID: 1","timestamp":"2025-06-27T19:14:22.864Z"}
{"level":"info","message":"User data accessed","timestamp":"2025-06-27T19:14:22.865Z","userId":1}
{"level":"info","message":"Token verified for user ID: 1","timestamp":"2025-06-27T19:14:27.929Z"}
{"level":"info","message":"User data accessed","timestamp":"2025-06-27T19:14:27.929Z","userId":1}
{"level":"info","message":"User logged out","timestamp":"2025-06-27T19:14:28.690Z"}
{"level":"info","message":"User logged out","timestamp":"2025-06-27T19:14:29.897Z"}
{"errors":[{"location":"body","msg":"Invalid email format","path":"email","type":"field","value":"not an emaiuk"},{"location":"body","msg":"Password must be at least 6 characters long","path":"password","type":"field","value":"gh"}],"level":"error","message":"Validation failed on user create","timestamp":"2025-06-27T19:14:34.280Z"}
{"level":"error","message":"[POST] /users/create → Invalid email or password","timestamp":"2025-06-27T19:14:34.280Z"}
{"level":"error","message":"DB error inserting user SQLITE_CONSTRAINT: UNIQUE constraint failed: users.email","timestamp":"2025-06-27T19:14:45.864Z"}
{"level":"error","message":"[POST] /users/create → Could not create user","timestamp":"2025-06-27T19:14:45.864Z"}
{"email":"brett@email.com","level":"info","message":"User logged in","timestamp":"2025-06-27T19:15:00.296Z","userId":1}
{"level":"info","message":"Token verified for user ID: 1","timestamp":"2025-06-27T19:15:01.794Z"}
{"level":"info","message":"User data accessed","timestamp":"2025-06-27T19:15:01.795Z","userId":1}
{"level":"info","message":"Token verified for user ID: 1","timestamp":"2025-06-27T19:15:05.140Z"}
{"level":"info","message":"User data accessed","timestamp":"2025-06-27T19:15:05.141Z","userId":1}
{"level":"info","message":"User logged out","timestamp":"2025-06-27T19:15:08.430Z"}
{"level":"info","message":"Example app listening on port 3000","timestamp":"2025-06-27T19:31:23.355Z"}
{"errors":[{"location":"body","msg":"Password must be at least 6 characters long","path":"password","type":"field","value":""}],"level":"error","message":"Validation failed on user create","timestamp":"2025-06-27T19:31:32.431Z"}
{"level":"error","message":"[POST] /users/create → Invalid email or password","timestamp":"2025-06-27T19:31:32.432Z"}
{"level":"error","message":"DB error inserting user SQLITE_CONSTRAINT: UNIQUE constraint failed: users.email","timestamp":"2025-06-27T19:31:36.646Z"}
{"level":"error","message":"[POST] /users/create → Could not create user","timestamp":"2025-06-27T19:31:36.647Z"}
{"email":"brett@email.com","level":"info","message":"User logged in","timestamp":"2025-06-27T19:31:43.599Z","userId":1}
{"level":"info","message":"Example app listening on port 3000","timestamp":"2025-06-27T19:33:46.864Z"}
{"email":"brett@email.com","level":"info","message":"User logged in","timestamp":"2025-06-27T19:34:05.257Z","userId":1}
{"level":"info","message":"Token verified for user ID: 1","timestamp":"2025-06-27T19:34:06.468Z"}
{"level":"info","message":"User data accessed","timestamp":"2025-06-27T19:34:06.468Z","userId":1}
{"errors":[{"location":"body","msg":"Password must be at least 6 characters long","path":"password","type":"field","value":""}],"level":"error","message":"Validation failed on user create","timestamp":"2025-06-27T19:34:08.181Z"}
{"level":"error","message":"[POST] /users/create → Invalid email or password","timestamp":"2025-06-27T19:34:08.182Z"}
{"errors":[{"location":"body","msg":"Password must be at least 6 characters long","path":"password","type":"field","value":""}],"level":"error","message":"Validation failed on user create","timestamp":"2025-06-27T19:34:09.378Z"}
{"level":"error","message":"[POST] /users/create → Invalid email or password","timestamp":"2025-06-27T19:34:09.378Z"}
{"email":"brett@email.com","level":"info","message":"User logged in","timestamp":"2025-06-27T19:34:10.493Z","userId":1}
{"level":"info","message":"Token verified for user ID: 1","timestamp":"2025-06-27T19:34:11.581Z"}
{"level":"info","message":"User data accessed","timestamp":"2025-06-27T19:34:11.581Z","userId":1}
{"level":"info","message":"User logged out","timestamp":"2025-06-27T19:34:12.680Z"}
{"email":"brett@email.com","level":"info","message":"User logged in","timestamp":"2025-06-27T19:34:15.729Z","userId":1}
{"level":"info","message":"Token verified for user ID: 1","timestamp":"2025-06-27T19:34:16.585Z"}
{"level":"info","message":"User data accessed","timestamp":"2025-06-27T19:34:16.586Z","userId":1}
{"level":"info","message":"Token verified for user ID: 1","timestamp":"2025-06-27T19:34:18.479Z"}
{"level":"info","message":"User data accessed","timestamp":"2025-06-27T19:34:18.480Z","userId":1}
{"level":"info","message":"User logged out","timestamp":"2025-06-27T19:34:19.681Z"}
{"level":"info","message":"App listening on port 3000","timestamp":"2025-06-27T19:47:05.199Z"}
{"level":"info","message":"User created","timestamp":"2025-06-27T19:47:24.672Z","userId":3}
{"errors":[{"location":"body","msg":"Password must be at least 6 characters long","path":"password","type":"field","value":"12345"}],"level":"error","message":"Validation failed on login","timestamp":"2025-06-27T19:47:34.417Z"}
{"level":"error","message":"[POST] /users/login → Invalid email or password","timestamp":"2025-06-27T19:47:34.419Z"}
{"email":"brett@email.com","level":"info","message":"User logged in","timestamp":"2025-06-27T19:47:37.100Z","userId":1}
{"level":"info","message":"Token verified","timestamp":"2025-06-27T19:47:38.611Z","userId":1}
{"level":"info","message":"User data accessed","timestamp":"2025-06-27T19:47:38.611Z","userId":1}
{"level":"info","message":"Token verified","timestamp":"2025-06-27T19:47:39.811Z","userId":1}
{"level":"info","message":"User data accessed","timestamp":"2025-06-27T19:47:39.812Z","userId":1}
{"level":"info","message":"Token verified","timestamp":"2025-06-27T19:47:42.250Z","userId":1}
{"level":"info","message":"User data accessed","timestamp":"2025-06-27T19:47:42.250Z","userId":1}
{"errors":[{"location":"body","msg":"Password must be at least 6 characters long","path":"password","type":"field","value":"1234"}],"level":"error","message":"Validation failed on user create","timestamp":"2025-06-27T19:47:49.276Z"}
{"level":"error","message":"[POST] /users/create → Invalid email or password","timestamp":"2025-06-27T19:47:49.277Z"}
{"level":"error","message":"DB error inserting user SQLITE_CONSTRAINT: UNIQUE constraint failed: users.email","timestamp":"2025-06-27T19:47:53.880Z"}
{"level":"error","message":"[POST] /users/create → Could not create user","timestamp":"2025-06-27T19:47:53.880Z"}
{"level":"info","message":"Token verified","timestamp":"2025-06-27T19:47:56.786Z","userId":1}
{"level":"info","message":"User data accessed","timestamp":"2025-06-27T19:47:56.787Z","userId":1}
{"level":"info","message":"User logged out","timestamp":"2025-06-27T19:47:57.681Z"}
{"level":"error","message":"[GET] /data → Authentication token required","timestamp":"2025-06-27T19:47:58.797Z"}
{"level":"info","message":"User logged out","timestamp":"2025-06-27T19:48:01.506Z"}
{"level":"error","message":"[GET] /data → Authentication token required","timestamp":"2025-06-27T19:48:02.405Z"}
{"level":"error","message":"[GET] /data → Authentication token required","timestamp":"2025-06-27T19:48:02.747Z"}
